{"C:\\Users\\tomor\\OneDrive\\바탕 화면\\opensource\\test\\src\\components\\PDFControls.tsx": {"path":"C:\\Users\\tomor\\OneDrive\\바탕 화면\\opensource\\test\\src\\components\\PDFControls.tsx","statementMap":{"0":{"start":{"line":10,"column":48},"end":{"line":82,"column":null}},"1":{"start":{"line":16,"column":32},"end":{"line":21,"column":null}},"2":{"start":{"line":17,"column":16},"end":{"line":17,"column":null}},"3":{"start":{"line":18,"column":4},"end":{"line":20,"column":null}},"4":{"start":{"line":19,"column":6},"end":{"line":19,"column":null}},"5":{"start":{"line":23,"column":27},"end":{"line":27,"column":null}},"6":{"start":{"line":24,"column":4},"end":{"line":26,"column":null}},"7":{"start":{"line":25,"column":6},"end":{"line":25,"column":null}},"8":{"start":{"line":29,"column":23},"end":{"line":33,"column":null}},"9":{"start":{"line":30,"column":4},"end":{"line":32,"column":null}},"10":{"start":{"line":31,"column":6},"end":{"line":31,"column":null}},"11":{"start":{"line":35,"column":2},"end":{"line":80,"column":null}}},"fnMap":{"0":{"name":"(anonymous_0)","decl":{"start":{"line":10,"column":48},"end":{"line":10,"column":49}},"loc":{"start":{"line":15,"column":6},"end":{"line":82,"column":null}},"line":15},"1":{"name":"(anonymous_1)","decl":{"start":{"line":16,"column":32},"end":{"line":16,"column":33}},"loc":{"start":{"line":16,"column":76},"end":{"line":21,"column":null}},"line":16},"2":{"name":"(anonymous_2)","decl":{"start":{"line":23,"column":27},"end":{"line":23,"column":33}},"loc":{"start":{"line":23,"column":33},"end":{"line":27,"column":null}},"line":23},"3":{"name":"(anonymous_3)","decl":{"start":{"line":29,"column":23},"end":{"line":29,"column":29}},"loc":{"start":{"line":29,"column":29},"end":{"line":33,"column":null}},"line":29}},"branchMap":{"0":{"loc":{"start":{"line":18,"column":4},"end":{"line":20,"column":null}},"type":"if","locations":[{"start":{"line":18,"column":4},"end":{"line":20,"column":null}},{"start":{},"end":{}}],"line":18},"1":{"loc":{"start":{"line":18,"column":8},"end":{"line":18,"column":52}},"type":"binary-expr","locations":[{"start":{"line":18,"column":8},"end":{"line":18,"column":23}},{"start":{"line":18,"column":23},"end":{"line":18,"column":35}},{"start":{"line":18,"column":35},"end":{"line":18,"column":52}}],"line":18},"2":{"loc":{"start":{"line":24,"column":4},"end":{"line":26,"column":null}},"type":"if","locations":[{"start":{"line":24,"column":4},"end":{"line":26,"column":null}},{"start":{},"end":{}}],"line":24},"3":{"loc":{"start":{"line":30,"column":4},"end":{"line":32,"column":null}},"type":"if","locations":[{"start":{"line":30,"column":4},"end":{"line":32,"column":null}},{"start":{},"end":{}}],"line":30}},"s":{"0":1,"1":6,"2":0,"3":0,"4":0,"5":6,"6":1,"7":1,"8":6,"9":1,"10":1,"11":6},"f":{"0":6,"1":0,"2":1,"3":1},"b":{"0":[0,0],"1":[0,0,0],"2":[1,0],"3":[1,0]},"meta":{"lastBranch":4,"lastFunction":4,"lastStatement":12,"seen":{"s:10:48:82:Infinity":0,"f:10:48:10:49":0,"s:16:32:21:Infinity":1,"f:16:32:16:33":1,"s:17:16:17:Infinity":2,"b:18:4:20:Infinity:undefined:undefined:undefined:undefined":0,"s:18:4:20:Infinity":3,"b:18:8:18:23:18:23:18:35:18:35:18:52":1,"s:19:6:19:Infinity":4,"s:23:27:27:Infinity":5,"f:23:27:23:33":2,"b:24:4:26:Infinity:undefined:undefined:undefined:undefined":2,"s:24:4:26:Infinity":6,"s:25:6:25:Infinity":7,"s:29:23:33:Infinity":8,"f:29:23:29:29":3,"b:30:4:32:Infinity:undefined:undefined:undefined:undefined":3,"s:30:4:32:Infinity":9,"s:31:6:31:Infinity":10,"s:35:2:80:Infinity":11}}}
,"C:\\Users\\tomor\\OneDrive\\바탕 화면\\opensource\\test\\src\\config\\constants.ts": {"path":"C:\\Users\\tomor\\OneDrive\\바탕 화면\\opensource\\test\\src\\config\\constants.ts","statementMap":{"0":{"start":{"line":2,"column":29},"end":{"line":6,"column":null}},"1":{"start":{"line":9,"column":25},"end":{"line":23,"column":null}},"2":{"start":{"line":26,"column":26},"end":{"line":31,"column":null}},"3":{"start":{"line":34,"column":28},"end":{"line":37,"column":null}},"4":{"start":{"line":40,"column":29},"end":{"line":44,"column":null}}},"fnMap":{},"branchMap":{"0":{"loc":{"start":{"line":28,"column":14},"end":{"line":30,"column":null}},"type":"cond-expr","locations":[{"start":{"line":29,"column":6},"end":{"line":29,"column":null}},{"start":{"line":30,"column":6},"end":{"line":30,"column":null}}],"line":28},"1":{"loc":{"start":{"line":28,"column":14},"end":{"line":28,"column":null}},"type":"binary-expr","locations":[{"start":{"line":28,"column":14},"end":{"line":28,"column":47}},{"start":{"line":28,"column":47},"end":{"line":28,"column":65}},{"start":{"line":28,"column":65},"end":{"line":28,"column":null}}],"line":28}},"s":{"0":1,"1":1,"2":1,"3":1,"4":1},"f":{},"b":{"0":[1,0],"1":[1,1,1]},"meta":{"lastBranch":2,"lastFunction":0,"lastStatement":5,"seen":{"s:2:29:6:Infinity":0,"s:9:25:23:Infinity":1,"s:26:26:31:Infinity":2,"b:29:6:29:Infinity:30:6:30:Infinity":0,"b:28:14:28:47:28:47:28:65:28:65:28:Infinity":1,"s:34:28:37:Infinity":3,"s:40:29:44:Infinity":4}}}
,"C:\\Users\\tomor\\OneDrive\\바탕 화면\\opensource\\test\\src\\hooks\\useTranslation.ts": {"path":"C:\\Users\\tomor\\OneDrive\\바탕 화면\\opensource\\test\\src\\hooks\\useTranslation.ts","statementMap":{"0":{"start":{"line":20,"column":30},"end":{"line":183,"column":null}},"1":{"start":{"line":21,"column":24},"end":{"line":29,"column":null}},"2":{"start":{"line":31,"column":8},"end":{"line":33,"column":null}},"3":{"start":{"line":32,"column":4},"end":{"line":32,"column":null}},"4":{"start":{"line":32,"column":22},"end":{"line":32,"column":46}},"5":{"start":{"line":35,"column":8},"end":{"line":90,"column":null}},"6":{"start":{"line":36,"column":4},"end":{"line":36,"column":null}},"7":{"start":{"line":36,"column":22},"end":{"line":36,"column":null}},"8":{"start":{"line":38,"column":4},"end":{"line":44,"column":null}},"9":{"start":{"line":46,"column":4},"end":{"line":89,"column":null}},"10":{"start":{"line":47,"column":23},"end":{"line":54,"column":null}},"11":{"start":{"line":56,"column":6},"end":{"line":58,"column":null}},"12":{"start":{"line":57,"column":8},"end":{"line":57,"column":null}},"13":{"start":{"line":60,"column":19},"end":{"line":60,"column":null}},"14":{"start":{"line":62,"column":6},"end":{"line":80,"column":null}},"15":{"start":{"line":63,"column":31},"end":{"line":63,"column":null}},"16":{"start":{"line":63,"column":53},"end":{"line":63,"column":60}},"17":{"start":{"line":64,"column":8},"end":{"line":74,"column":null}},"18":{"start":{"line":65,"column":10},"end":{"line":68,"column":null}},"19":{"start":{"line":70,"column":10},"end":{"line":73,"column":null}},"20":{"start":{"line":76,"column":8},"end":{"line":79,"column":null}},"21":{"start":{"line":82,"column":6},"end":{"line":82,"column":null}},"22":{"start":{"line":83,"column":6},"end":{"line":86,"column":null}},"23":{"start":{"line":88,"column":6},"end":{"line":88,"column":null}},"24":{"start":{"line":92,"column":8},"end":{"line":106,"column":null}},"25":{"start":{"line":93,"column":4},"end":{"line":105,"column":null}},"26":{"start":{"line":94,"column":6},"end":{"line":104,"column":null}},"27":{"start":{"line":99,"column":8},"end":{"line":103,"column":null}},"28":{"start":{"line":100,"column":10},"end":{"line":102,"column":null}},"29":{"start":{"line":101,"column":12},"end":{"line":101,"column":null}},"30":{"start":{"line":108,"column":8},"end":{"line":144,"column":null}},"31":{"start":{"line":109,"column":4},"end":{"line":143,"column":null}},"32":{"start":{"line":110,"column":27},"end":{"line":110,"column":null}},"33":{"start":{"line":111,"column":6},"end":{"line":136,"column":null}},"34":{"start":{"line":112,"column":25},"end":{"line":112,"column":null}},"35":{"start":{"line":113,"column":8},"end":{"line":135,"column":null}},"36":{"start":{"line":114,"column":29},"end":{"line":114,"column":null}},"37":{"start":{"line":115,"column":27},"end":{"line":115,"column":null}},"38":{"start":{"line":115,"column":84},"end":{"line":115,"column":90}},"39":{"start":{"line":116,"column":27},"end":{"line":116,"column":null}},"40":{"start":{"line":116,"column":61},"end":{"line":116,"column":68}},"41":{"start":{"line":118,"column":37},"end":{"line":118,"column":null}},"42":{"start":{"line":119,"column":10},"end":{"line":125,"column":null}},"43":{"start":{"line":120,"column":12},"end":{"line":124,"column":null}},"44":{"start":{"line":121,"column":14},"end":{"line":123,"column":null}},"45":{"start":{"line":122,"column":16},"end":{"line":122,"column":null}},"46":{"start":{"line":127,"column":10},"end":{"line":134,"column":null}},"47":{"start":{"line":138,"column":6},"end":{"line":138,"column":null}},"48":{"start":{"line":139,"column":6},"end":{"line":142,"column":null}},"49":{"start":{"line":146,"column":8},"end":{"line":148,"column":null}},"50":{"start":{"line":147,"column":4},"end":{"line":147,"column":null}},"51":{"start":{"line":150,"column":8},"end":{"line":152,"column":null}},"52":{"start":{"line":151,"column":4},"end":{"line":151,"column":null}},"53":{"start":{"line":154,"column":8},"end":{"line":163,"column":null}},"54":{"start":{"line":155,"column":4},"end":{"line":162,"column":null}},"55":{"start":{"line":165,"column":2},"end":{"line":182,"column":null}}},"fnMap":{"0":{"name":"(anonymous_0)","decl":{"start":{"line":20,"column":30},"end":{"line":20,"column":36}},"loc":{"start":{"line":20,"column":36},"end":{"line":183,"column":null}},"line":20},"1":{"name":"(anonymous_1)","decl":{"start":{"line":31,"column":34},"end":{"line":31,"column":35}},"loc":{"start":{"line":31,"column":74},"end":{"line":33,"column":5}},"line":31},"2":{"name":"(anonymous_2)","decl":{"start":{"line":32,"column":13},"end":{"line":32,"column":22}},"loc":{"start":{"line":32,"column":22},"end":{"line":32,"column":46}},"line":32},"3":{"name":"(anonymous_3)","decl":{"start":{"line":35,"column":36},"end":{"line":35,"column":43}},"loc":{"start":{"line":35,"column":75},"end":{"line":90,"column":5}},"line":35},"4":{"name":"(anonymous_4)","decl":{"start":{"line":63,"column":43},"end":{"line":63,"column":44}},"loc":{"start":{"line":63,"column":53},"end":{"line":63,"column":60}},"line":63},"5":{"name":"(anonymous_5)","decl":{"start":{"line":92,"column":36},"end":{"line":92,"column":37}},"loc":{"start":{"line":92,"column":78},"end":{"line":106,"column":5}},"line":92},"6":{"name":"(anonymous_6)","decl":{"start":{"line":98,"column":9},"end":{"line":98,"column":10}},"loc":{"start":{"line":98,"column":18},"end":{"line":104,"column":7}},"line":98},"7":{"name":"(anonymous_7)","decl":{"start":{"line":100,"column":21},"end":{"line":100,"column":27}},"loc":{"start":{"line":100,"column":27},"end":{"line":102,"column":13}},"line":100},"8":{"name":"(anonymous_8)","decl":{"start":{"line":108,"column":33},"end":{"line":108,"column":40}},"loc":{"start":{"line":108,"column":72},"end":{"line":144,"column":5}},"line":108},"9":{"name":"(anonymous_9)","decl":{"start":{"line":115,"column":77},"end":{"line":115,"column":78}},"loc":{"start":{"line":115,"column":84},"end":{"line":115,"column":90}},"line":115},"10":{"name":"(anonymous_10)","decl":{"start":{"line":116,"column":54},"end":{"line":116,"column":55}},"loc":{"start":{"line":116,"column":61},"end":{"line":116,"column":68}},"line":116},"11":{"name":"(anonymous_11)","decl":{"start":{"line":119,"column":39},"end":{"line":119,"column":40}},"loc":{"start":{"line":119,"column":52},"end":{"line":125,"column":11}},"line":119},"12":{"name":"(anonymous_12)","decl":{"start":{"line":120,"column":41},"end":{"line":120,"column":42}},"loc":{"start":{"line":120,"column":50},"end":{"line":124,"column":13}},"line":120},"13":{"name":"(anonymous_13)","decl":{"start":{"line":146,"column":38},"end":{"line":146,"column":39}},"loc":{"start":{"line":146,"column":56},"end":{"line":148,"column":5}},"line":146},"14":{"name":"(anonymous_14)","decl":{"start":{"line":150,"column":38},"end":{"line":150,"column":39}},"loc":{"start":{"line":150,"column":61},"end":{"line":152,"column":5}},"line":150},"15":{"name":"(anonymous_15)","decl":{"start":{"line":154,"column":39},"end":{"line":154,"column":45}},"loc":{"start":{"line":154,"column":45},"end":{"line":163,"column":5}},"line":154}},"branchMap":{"0":{"loc":{"start":{"line":36,"column":4},"end":{"line":36,"column":null}},"type":"if","locations":[{"start":{"line":36,"column":4},"end":{"line":36,"column":null}},{"start":{},"end":{}}],"line":36},"1":{"loc":{"start":{"line":56,"column":6},"end":{"line":58,"column":null}},"type":"if","locations":[{"start":{"line":56,"column":6},"end":{"line":58,"column":null}},{"start":{},"end":{}}],"line":56},"2":{"loc":{"start":{"line":62,"column":6},"end":{"line":80,"column":null}},"type":"if","locations":[{"start":{"line":62,"column":6},"end":{"line":80,"column":null}},{"start":{"line":75,"column":13},"end":{"line":80,"column":null}}],"line":62},"3":{"loc":{"start":{"line":62,"column":10},"end":{"line":62,"column":53}},"type":"binary-expr","locations":[{"start":{"line":62,"column":10},"end":{"line":62,"column":18}},{"start":{"line":62,"column":18},"end":{"line":62,"column":29}},{"start":{"line":62,"column":29},"end":{"line":62,"column":53}}],"line":62},"4":{"loc":{"start":{"line":64,"column":8},"end":{"line":74,"column":null}},"type":"if","locations":[{"start":{"line":64,"column":8},"end":{"line":74,"column":null}},{"start":{"line":69,"column":15},"end":{"line":74,"column":null}}],"line":64},"5":{"loc":{"start":{"line":93,"column":4},"end":{"line":105,"column":null}},"type":"if","locations":[{"start":{"line":93,"column":4},"end":{"line":105,"column":null}},{"start":{},"end":{}}],"line":93},"6":{"loc":{"start":{"line":93,"column":8},"end":{"line":93,"column":57}},"type":"binary-expr","locations":[{"start":{"line":93,"column":8},"end":{"line":93,"column":41}},{"start":{"line":93,"column":41},"end":{"line":93,"column":57}}],"line":93},"7":{"loc":{"start":{"line":99,"column":8},"end":{"line":103,"column":null}},"type":"if","locations":[{"start":{"line":99,"column":8},"end":{"line":103,"column":null}},{"start":{},"end":{}}],"line":99},"8":{"loc":{"start":{"line":111,"column":6},"end":{"line":136,"column":null}},"type":"if","locations":[{"start":{"line":111,"column":6},"end":{"line":136,"column":null}},{"start":{},"end":{}}],"line":111},"9":{"loc":{"start":{"line":113,"column":8},"end":{"line":135,"column":null}},"type":"if","locations":[{"start":{"line":113,"column":8},"end":{"line":135,"column":null}},{"start":{},"end":{}}],"line":113},"10":{"loc":{"start":{"line":113,"column":12},"end":{"line":113,"column":60}},"type":"binary-expr","locations":[{"start":{"line":113,"column":12},"end":{"line":113,"column":39}},{"start":{"line":113,"column":39},"end":{"line":113,"column":60}}],"line":113},"11":{"loc":{"start":{"line":115,"column":27},"end":{"line":115,"column":null}},"type":"binary-expr","locations":[{"start":{"line":115,"column":27},"end":{"line":115,"column":50}},{"start":{"line":115,"column":50},"end":{"line":115,"column":null}}],"line":115},"12":{"loc":{"start":{"line":121,"column":14},"end":{"line":123,"column":null}},"type":"if","locations":[{"start":{"line":121,"column":14},"end":{"line":123,"column":null}},{"start":{},"end":{}}],"line":121},"13":{"loc":{"start":{"line":141,"column":15},"end":{"line":141,"column":null}},"type":"cond-expr","locations":[{"start":{"line":141,"column":38},"end":{"line":141,"column":52}},{"start":{"line":141,"column":52},"end":{"line":141,"column":null}}],"line":141}},"s":{"0":1,"1":7,"2":7,"3":6,"4":6,"5":7,"6":1,"7":0,"8":1,"9":1,"10":1,"11":1,"12":0,"13":1,"14":1,"15":1,"16":1,"17":1,"18":1,"19":0,"20":0,"21":0,"22":0,"23":1,"24":7,"25":0,"26":0,"27":0,"28":0,"29":0,"30":7,"31":0,"32":0,"33":0,"34":0,"35":0,"36":0,"37":0,"38":0,"39":0,"40":0,"41":0,"42":0,"43":0,"44":0,"45":0,"46":0,"47":0,"48":0,"49":7,"50":2,"51":7,"52":0,"53":7,"54":1,"55":7},"f":{"0":7,"1":6,"2":6,"3":1,"4":1,"5":0,"6":0,"7":0,"8":0,"9":0,"10":0,"11":0,"12":0,"13":2,"14":0,"15":1},"b":{"0":[0,1],"1":[0,1],"2":[1,0],"3":[1,1,1],"4":[1,0],"5":[0,0],"6":[0,0],"7":[0,0],"8":[0,0],"9":[0,0],"10":[0,0],"11":[0,0],"12":[0,0],"13":[0,0]},"meta":{"lastBranch":14,"lastFunction":16,"lastStatement":56,"seen":{"s:20:30:183:Infinity":0,"f:20:30:20:36":0,"s:21:24:29:Infinity":1,"s:31:8:33:Infinity":2,"f:31:34:31:35":1,"s:32:4:32:Infinity":3,"f:32:13:32:22":2,"s:32:22:32:46":4,"s:35:8:90:Infinity":5,"f:35:36:35:43":3,"b:36:4:36:Infinity:undefined:undefined:undefined:undefined":0,"s:36:4:36:Infinity":6,"s:36:22:36:Infinity":7,"s:38:4:44:Infinity":8,"s:46:4:89:Infinity":9,"s:47:23:54:Infinity":10,"b:56:6:58:Infinity:undefined:undefined:undefined:undefined":1,"s:56:6:58:Infinity":11,"s:57:8:57:Infinity":12,"s:60:19:60:Infinity":13,"b:62:6:80:Infinity:75:13:80:Infinity":2,"s:62:6:80:Infinity":14,"b:62:10:62:18:62:18:62:29:62:29:62:53":3,"s:63:31:63:Infinity":15,"f:63:43:63:44":4,"s:63:53:63:60":16,"b:64:8:74:Infinity:69:15:74:Infinity":4,"s:64:8:74:Infinity":17,"s:65:10:68:Infinity":18,"s:70:10:73:Infinity":19,"s:76:8:79:Infinity":20,"s:82:6:82:Infinity":21,"s:83:6:86:Infinity":22,"s:88:6:88:Infinity":23,"s:92:8:106:Infinity":24,"f:92:36:92:37":5,"b:93:4:105:Infinity:undefined:undefined:undefined:undefined":5,"s:93:4:105:Infinity":25,"b:93:8:93:41:93:41:93:57":6,"s:94:6:104:Infinity":26,"f:98:9:98:10":6,"b:99:8:103:Infinity:undefined:undefined:undefined:undefined":7,"s:99:8:103:Infinity":27,"s:100:10:102:Infinity":28,"f:100:21:100:27":7,"s:101:12:101:Infinity":29,"s:108:8:144:Infinity":30,"f:108:33:108:40":8,"s:109:4:143:Infinity":31,"s:110:27:110:Infinity":32,"b:111:6:136:Infinity:undefined:undefined:undefined:undefined":8,"s:111:6:136:Infinity":33,"s:112:25:112:Infinity":34,"b:113:8:135:Infinity:undefined:undefined:undefined:undefined":9,"s:113:8:135:Infinity":35,"b:113:12:113:39:113:39:113:60":10,"s:114:29:114:Infinity":36,"s:115:27:115:Infinity":37,"b:115:27:115:50:115:50:115:Infinity":11,"f:115:77:115:78":9,"s:115:84:115:90":38,"s:116:27:116:Infinity":39,"f:116:54:116:55":10,"s:116:61:116:68":40,"s:118:37:118:Infinity":41,"s:119:10:125:Infinity":42,"f:119:39:119:40":11,"s:120:12:124:Infinity":43,"f:120:41:120:42":12,"b:121:14:123:Infinity:undefined:undefined:undefined:undefined":12,"s:121:14:123:Infinity":44,"s:122:16:122:Infinity":45,"s:127:10:134:Infinity":46,"s:138:6:138:Infinity":47,"s:139:6:142:Infinity":48,"b:141:38:141:52:141:52:141:Infinity":13,"s:146:8:148:Infinity":49,"f:146:38:146:39":13,"s:147:4:147:Infinity":50,"s:150:8:152:Infinity":51,"f:150:38:150:39":14,"s:151:4:151:Infinity":52,"s:154:8:163:Infinity":53,"f:154:39:154:45":15,"s:155:4:162:Infinity":54,"s:165:2:182:Infinity":55}}}
}
